<?xml version="1.0" encoding="UTF-8"?>
<!-- Generated by org.testng.reporters.JUnitReportReporter -->
<testsuite hostname="DESKTOP-601D2VQ" failures="0" tests="9" name="automationteststore.TestStore$TestArbi" time="9.739" errors="0" timestamp="2024-03-16T22:57:57 EET" skipped="8">
  <testcase classname="automationteststore.TestStore$TestArbi" name="navigat" time="9.739"/>
  <system-out/>
  <testcase classname="automationteststore.TestStore$TestArbi" name="login">
    <skipped/>
  </testcase> <!-- login -->
  <system-out/>
  <testcase classname="automationteststore.TestStore$TestArbi" name="contactnumberinthefooter">
    <skipped/>
  </testcase> <!-- contactnumberinthefooter -->
  <system-out/>
  <testcase classname="automationteststore.TestStore$TestArbi" name="haircaresection">
    <skipped/>
  </testcase> <!-- haircaresection -->
  <system-out/>
  <testcase classname="automationteststore.TestStore$TestArbi" name="addallitems">
    <skipped/>
  </testcase> <!-- addallitems -->
  <system-out/>
  <testcase classname="automationteststore.TestStore$TestArbi" name="signup">
    <skipped/>
  </testcase> <!-- signup -->
  <system-out/>
  <testcase classname="automationteststore.TestStore$TestArbi" name="printalltheitems">
    <skipped/>
  </testcase> <!-- printalltheitems -->
  <system-out/>
  <testcase classname="automationteststore.TestStore$TestArbi" name="sumOfProduct">
    <skipped/>
  </testcase> <!-- sumOfProduct -->
  <system-out/>
  <testcase classname="automationteststore.TestStore$TestArbi" name="sumoftheprices">
    <skipped/>
  </testcase> <!-- sumoftheprices -->
  <system-out/>
</testsuite> <!-- automationteststore.TestStore$TestArbi -->
